<?xml version="1.0" encoding="UTF-8"?>
<!-- Generated by org.testng.reporters.JUnitReportReporter -->
<testsuite hostname="owner-PC" name="com.rubikloud.qa.test.AutopilotPageTest" tests="1" failures="0" timestamp="10 Dec 2019 05:04:06 GMT" time="19.602" errors="0">
  <testcase name="priceIncrementTest" time="19.602" classname="com.rubikloud.qa.test.AutopilotPageTest"/>
</testsuite> <!-- com.rubikloud.qa.test.AutopilotPageTest -->
